<?xml version="1.0" encoding="UTF-8"?>
<!-- Generated by org.testng.reporters.JUnitXMLReporter -->
<testsuite hostname="ksaddala" name="Default test" tests="3" failures="0" timestamp="20 Feb 2018 13:14:20 GMT" time="211.948" errors="0">
  <testcase name="verifyTitle" time="0.018" classname="com.qa.auto.tests.HomePageBeforeLoginTest"/>
  <testcase name="verifyLogoDisplay" time="0.145" classname="com.qa.auto.tests.HomePageBeforeLoginTest"/>
  <testcase name="clickSignin" time="2.488" classname="com.qa.auto.tests.HomePageBeforeLoginTest"/>
</testsuite> <!-- Default test -->
