<?xml version="1.0" encoding="UTF-8"?>
<!-- Generated by org.testng.reporters.JUnitXMLReporter -->
<testsuite hostname="ksaddala" name="Default test" tests="3" failures="0" timestamp="20 Feb 2018 17:27:03 GMT" time="349.438" errors="0">
  <testcase name="verifyTitle" time="0.109" classname="com.qa.auto.tests.HomePageBeforeLoginTest"/>
  <testcase name="verifyLogoDisplay" time="0.679" classname="com.qa.auto.tests.HomePageBeforeLoginTest"/>
  <testcase name="clickSignin" time="7.286" classname="com.qa.auto.tests.HomePageBeforeLoginTest"/>
</testsuite> <!-- Default test -->
