<?xml version="1.0" encoding="UTF-8" ?>
<testsuite tests="12" failures="2" name="TestSuite" time="2,842.094" errors="0" skipped="10">
  <properties>
[...]
</properties>
  <testcase classname="com.qa.auto.tests.HomePageBeforeLoginTest" name="setUp" time="1,423.32">
    <failure message="connection refused
Build info: version: &apos;3.5.3&apos;, revision: &apos;a88d25fe6b&apos;, time: &apos;2017-08-29T12:42:44.417Z&apos;
System info: host: &apos;KSADDALA&apos;, ip: &apos;9.199.192.227&apos;, os.name: &apos;Windows 10&apos;, os.arch: &apos;amd64&apos;, os.version: &apos;10.0&apos;, java.version: &apos;1.8.0_144&apos;
Driver info: driver.version: FirefoxDriver
remote stacktrace: stack backtrace:
   0:           0x4821c4 - &lt;no info&gt;
   1:           0x482933 - &lt;no info&gt;
   2:           0x445159 - &lt;no info&gt;
   3:           0x44bf80 - &lt;no info&gt;
   4:           0x43026a - &lt;no info&gt;
   5:           0x40ba4e - &lt;no info&gt;
   6:           0x4119b9 - &lt;no info&gt;
   7:           0x6d2c89 - &lt;no info&gt;
   8:           0x426006 - &lt;no info&gt;
   9:           0x6cd490 - &lt;no info&gt;
  10:     0x7ffab4d71fe4 - BaseThreadInitThunk" type="org.openqa.selenium.WebDriverException">org.openqa.selenium.WebDriverException: connection refused
Build info: version: &apos;3.5.3&apos;, revision: &apos;a88d25fe6b&apos;, time: &apos;2017-08-29T12:42:44.417Z&apos;
System info: host: &apos;KSADDALA&apos;, ip: &apos;9.199.192.227&apos;, os.name: &apos;Windows 10&apos;, os.arch: &apos;amd64&apos;, os.version: &apos;10.0&apos;, java.version: &apos;1.8.0_144&apos;
Driver info: driver.version: FirefoxDriver
remote stacktrace: stack backtrace:
   0:           0x4821c4 - &lt;no info&gt;
   1:           0x482933 - &lt;no info&gt;
   2:           0x445159 - &lt;no info&gt;
   3:           0x44bf80 - &lt;no info&gt;
   4:           0x43026a - &lt;no info&gt;
   5:           0x40ba4e - &lt;no info&gt;
   6:           0x4119b9 - &lt;no info&gt;
   7:           0x6d2c89 - &lt;no info&gt;
   8:           0x426006 - &lt;no info&gt;
   9:           0x6cd490 - &lt;no info&gt;
  10:     0x7ffab4d71fe4 - BaseThreadInitThunk
	at sun.reflect.NativeConstructorAccessorImpl.newInstance0(Native Method)
	at sun.reflect.NativeConstructorAccessorImpl.newInstance(NativeConstructorAccessorImpl.java:62)
	at sun.reflect.DelegatingConstructorAccessorImpl.newInstance(DelegatingConstructorAccessorImpl.java:45)
	at java.lang.reflect.Constructor.newInstance(Constructor.java:423)
	at org.openqa.selenium.remote.W3CHandshakeResponse.lambda$new$0(W3CHandshakeResponse.java:57)
	at org.openqa.selenium.remote.W3CHandshakeResponse.lambda$getResponseFunction$2(W3CHandshakeResponse.java:104)
	at org.openqa.selenium.remote.ProtocolHandshake.lambda$createSession$24(ProtocolHandshake.java:359)
	at java.util.stream.ReferencePipeline$3$1.accept(ReferencePipeline.java:193)
	at java.util.Spliterators$ArraySpliterator.tryAdvance(Spliterators.java:958)
	at java.util.stream.ReferencePipeline.forEachWithCancel(ReferencePipeline.java:126)
	at java.util.stream.AbstractPipeline.copyIntoWithCancel(AbstractPipeline.java:498)
	at java.util.stream.AbstractPipeline.copyInto(AbstractPipeline.java:485)
	at java.util.stream.AbstractPipeline.wrapAndCopyInto(AbstractPipeline.java:471)
	at java.util.stream.FindOps$FindOp.evaluateSequential(FindOps.java:152)
	at java.util.stream.AbstractPipeline.evaluate(AbstractPipeline.java:234)
	at java.util.stream.ReferencePipeline.findFirst(ReferencePipeline.java:464)
	at org.openqa.selenium.remote.ProtocolHandshake.createSession(ProtocolHandshake.java:362)
	at org.openqa.selenium.remote.ProtocolHandshake.createSession(ProtocolHandshake.java:136)
	at org.openqa.selenium.remote.HttpCommandExecutor.execute(HttpCommandExecutor.java:142)
	at org.openqa.selenium.remote.service.DriverCommandExecutor.execute(DriverCommandExecutor.java:82)
	at org.openqa.selenium.remote.RemoteWebDriver.execute(RemoteWebDriver.java:646)
	at org.openqa.selenium.remote.RemoteWebDriver.startSession(RemoteWebDriver.java:255)
	at org.openqa.selenium.remote.RemoteWebDriver.startSession(RemoteWebDriver.java:237)
	at org.openqa.selenium.remote.RemoteWebDriver.&lt;init&gt;(RemoteWebDriver.java:138)
	at org.openqa.selenium.firefox.FirefoxDriver.&lt;init&gt;(FirefoxDriver.java:191)
	at org.openqa.selenium.firefox.FirefoxDriver.&lt;init&gt;(FirefoxDriver.java:103)
	at org.openqa.selenium.firefox.FirefoxDriver.&lt;init&gt;(FirefoxDriver.java:99)
	at com.qa.auto.base.BaseTest.initialize(BaseTest.java:56)
	at com.qa.auto.tests.HomePageBeforeLoginTest.setUp(HomePageBeforeLoginTest.java:27)
</failure>
    <system-out>Configuring TestNG with: org.apache.maven.surefire.testng.conf.TestNG652Configurator@512ddf17
</system-out>
    <system-err>1519211928717	geckodriver	INFO	geckodriver 0.19.0
1519211928730	geckodriver	INFO	Listening on 127.0.0.1:18869
1519211929653	mozrunner::runner	INFO	Running command: &quot;C:\\Program Files (x86)\\Mozilla Firefox\\firefox.exe&quot; &quot;-marionette&quot; &quot;-profile&quot; &quot;C:\\Users\\KUSUMA~1\\AppData\\Local\\Temp\\rust_mozprofile.tzyeDQv7E5hX&quot;
[GFX1]: Potential driver version mismatch ignored due to missing DLLs
</system-err>
  </testcase>
  <testcase classname="com.qa.auto.tests.HomePageBeforeLoginTest" name="verifyTitle" time="0">
    <skipped/>
  </testcase>
  <testcase classname="com.qa.auto.tests.HomePageBeforeLoginTest" name="tearDown" time="0">
    <skipped/>
  </testcase>
  <testcase classname="com.qa.auto.tests.HomePageBeforeLoginTest" name="setUp" time="0">
    <skipped/>
  </testcase>
  <testcase classname="com.qa.auto.tests.HomePageBeforeLoginTest" name="verifyLogoDisplay" time="0">
    <skipped/>
  </testcase>
  <testcase classname="com.qa.auto.tests.HomePageBeforeLoginTest" name="tearDown" time="0">
    <skipped/>
  </testcase>
  <testcase classname="com.qa.auto.tests.HomePageBeforeLoginTest" name="setUp" time="0">
    <skipped/>
  </testcase>
  <testcase classname="com.qa.auto.tests.HomePageBeforeLoginTest" name="clickSignin" time="0.001">
    <skipped/>
  </testcase>
  <testcase classname="com.qa.auto.tests.HomePageBeforeLoginTest" name="tearDown" time="0.001">
    <skipped/>
  </testcase>
  <testcase classname="com.qa.auto.tests.LoginPageTest" name="setUp" time="1,418.772">
    <failure message="connection refused
Build info: version: &apos;3.5.3&apos;, revision: &apos;a88d25fe6b&apos;, time: &apos;2017-08-29T12:42:44.417Z&apos;
System info: host: &apos;KSADDALA&apos;, ip: &apos;9.199.192.227&apos;, os.name: &apos;Windows 10&apos;, os.arch: &apos;amd64&apos;, os.version: &apos;10.0&apos;, java.version: &apos;1.8.0_144&apos;
Driver info: driver.version: FirefoxDriver
remote stacktrace: stack backtrace:
   0:           0x4821c4 - &lt;no info&gt;
   1:           0x482933 - &lt;no info&gt;
   2:           0x445159 - &lt;no info&gt;
   3:           0x44bf80 - &lt;no info&gt;
   4:           0x43026a - &lt;no info&gt;
   5:           0x40ba4e - &lt;no info&gt;
   6:           0x4119b9 - &lt;no info&gt;
   7:           0x6d2c89 - &lt;no info&gt;
   8:           0x426006 - &lt;no info&gt;
   9:           0x6cd490 - &lt;no info&gt;
  10:     0x7ffab4d71fe4 - BaseThreadInitThunk" type="org.openqa.selenium.WebDriverException">org.openqa.selenium.WebDriverException: connection refused
Build info: version: &apos;3.5.3&apos;, revision: &apos;a88d25fe6b&apos;, time: &apos;2017-08-29T12:42:44.417Z&apos;
System info: host: &apos;KSADDALA&apos;, ip: &apos;9.199.192.227&apos;, os.name: &apos;Windows 10&apos;, os.arch: &apos;amd64&apos;, os.version: &apos;10.0&apos;, java.version: &apos;1.8.0_144&apos;
Driver info: driver.version: FirefoxDriver
remote stacktrace: stack backtrace:
   0:           0x4821c4 - &lt;no info&gt;
   1:           0x482933 - &lt;no info&gt;
   2:           0x445159 - &lt;no info&gt;
   3:           0x44bf80 - &lt;no info&gt;
   4:           0x43026a - &lt;no info&gt;
   5:           0x40ba4e - &lt;no info&gt;
   6:           0x4119b9 - &lt;no info&gt;
   7:           0x6d2c89 - &lt;no info&gt;
   8:           0x426006 - &lt;no info&gt;
   9:           0x6cd490 - &lt;no info&gt;
  10:     0x7ffab4d71fe4 - BaseThreadInitThunk
	at sun.reflect.NativeConstructorAccessorImpl.newInstance0(Native Method)
	at sun.reflect.NativeConstructorAccessorImpl.newInstance(NativeConstructorAccessorImpl.java:62)
	at sun.reflect.DelegatingConstructorAccessorImpl.newInstance(DelegatingConstructorAccessorImpl.java:45)
	at java.lang.reflect.Constructor.newInstance(Constructor.java:423)
	at org.openqa.selenium.remote.W3CHandshakeResponse.lambda$new$0(W3CHandshakeResponse.java:57)
	at org.openqa.selenium.remote.W3CHandshakeResponse.lambda$getResponseFunction$2(W3CHandshakeResponse.java:104)
	at org.openqa.selenium.remote.ProtocolHandshake.lambda$createSession$24(ProtocolHandshake.java:359)
	at java.util.stream.ReferencePipeline$3$1.accept(ReferencePipeline.java:193)
	at java.util.Spliterators$ArraySpliterator.tryAdvance(Spliterators.java:958)
	at java.util.stream.ReferencePipeline.forEachWithCancel(ReferencePipeline.java:126)
	at java.util.stream.AbstractPipeline.copyIntoWithCancel(AbstractPipeline.java:498)
	at java.util.stream.AbstractPipeline.copyInto(AbstractPipeline.java:485)
	at java.util.stream.AbstractPipeline.wrapAndCopyInto(AbstractPipeline.java:471)
	at java.util.stream.FindOps$FindOp.evaluateSequential(FindOps.java:152)
	at java.util.stream.AbstractPipeline.evaluate(AbstractPipeline.java:234)
	at java.util.stream.ReferencePipeline.findFirst(ReferencePipeline.java:464)
	at org.openqa.selenium.remote.ProtocolHandshake.createSession(ProtocolHandshake.java:362)
	at org.openqa.selenium.remote.ProtocolHandshake.createSession(ProtocolHandshake.java:136)
	at org.openqa.selenium.remote.HttpCommandExecutor.execute(HttpCommandExecutor.java:142)
	at org.openqa.selenium.remote.service.DriverCommandExecutor.execute(DriverCommandExecutor.java:82)
	at org.openqa.selenium.remote.RemoteWebDriver.execute(RemoteWebDriver.java:646)
	at org.openqa.selenium.remote.RemoteWebDriver.startSession(RemoteWebDriver.java:255)
	at org.openqa.selenium.remote.RemoteWebDriver.startSession(RemoteWebDriver.java:237)
	at org.openqa.selenium.remote.RemoteWebDriver.&lt;init&gt;(RemoteWebDriver.java:138)
	at org.openqa.selenium.firefox.FirefoxDriver.&lt;init&gt;(FirefoxDriver.java:191)
	at org.openqa.selenium.firefox.FirefoxDriver.&lt;init&gt;(FirefoxDriver.java:103)
	at org.openqa.selenium.firefox.FirefoxDriver.&lt;init&gt;(FirefoxDriver.java:99)
	at com.qa.auto.base.BaseTest.initialize(BaseTest.java:56)
	at com.qa.auto.tests.LoginPageTest.setUp(LoginPageTest.java:26)
</failure>
    <system-err>1519213347283	geckodriver	INFO	geckodriver 0.19.0
1519213347292	geckodriver	INFO	Listening on 127.0.0.1:40907
1519213347794	mozrunner::runner	INFO	Running command: &quot;C:\\Program Files (x86)\\Mozilla Firefox\\firefox.exe&quot; &quot;-marionette&quot; &quot;-profile&quot; &quot;C:\\Users\\KUSUMA~1\\AppData\\Local\\Temp\\rust_mozprofile.c9LNpLcUS9fb&quot;
[GFX1]: Potential driver version mismatch ignored due to missing DLLs
</system-err>
  </testcase>
  <testcase classname="com.qa.auto.tests.LoginPageTest" name="logintest" time="0">
    <skipped/>
  </testcase>
  <testcase classname="com.qa.auto.tests.LoginPageTest" name="tearDown" time="0">
    <skipped/>
  </testcase>
</testsuite>