<?xml version="1.0" encoding="UTF-8"?>
<testng-results skipped="0" failed="0" total="3" passed="3">
  <reporter-output>
  </reporter-output>
  <suite name="Default suite" duration-ms="349438" started-at="2018-02-20T17:21:14Z" finished-at="2018-02-20T17:27:03Z">
    <groups>
    </groups>
    <test name="Default test" duration-ms="349438" started-at="2018-02-20T17:21:14Z" finished-at="2018-02-20T17:27:03Z">
      <class name="com.qa.auto.tests.HomePageBeforeLoginTest">
        <test-method status="PASS" signature="setUp()[pri:0, instance:com.qa.auto.tests.HomePageBeforeLoginTest@59fa1d9b]" name="setUp" is-config="true" duration-ms="110863" started-at="2018-02-20T22:51:14Z" finished-at="2018-02-20T22:53:05Z">
          <reporter-output>
          </reporter-output>
        </test-method> <!-- setUp -->
        <test-method status="PASS" signature="verifyTitle()[pri:0, instance:com.qa.auto.tests.HomePageBeforeLoginTest@59fa1d9b]" name="verifyTitle" duration-ms="109" started-at="2018-02-20T22:53:05Z" finished-at="2018-02-20T22:53:05Z">
          <reporter-output>
          </reporter-output>
        </test-method> <!-- verifyTitle -->
        <test-method status="PASS" signature="tearDown()[pri:0, instance:com.qa.auto.tests.HomePageBeforeLoginTest@59fa1d9b]" name="tearDown" is-config="true" duration-ms="30121" started-at="2018-02-20T22:53:05Z" finished-at="2018-02-20T22:53:35Z">
          <reporter-output>
          </reporter-output>
        </test-method> <!-- tearDown -->
        <test-method status="PASS" signature="setUp()[pri:0, instance:com.qa.auto.tests.HomePageBeforeLoginTest@59fa1d9b]" name="setUp" is-config="true" duration-ms="43711" started-at="2018-02-20T22:53:35Z" finished-at="2018-02-20T22:54:19Z">
          <reporter-output>
          </reporter-output>
        </test-method> <!-- setUp -->
        <test-method status="PASS" signature="verifyLogoDisplay()[pri:0, instance:com.qa.auto.tests.HomePageBeforeLoginTest@59fa1d9b]" name="verifyLogoDisplay" duration-ms="679" started-at="2018-02-20T22:54:19Z" finished-at="2018-02-20T22:54:19Z">
          <reporter-output>
          </reporter-output>
        </test-method> <!-- verifyLogoDisplay -->
        <test-method status="PASS" signature="tearDown()[pri:0, instance:com.qa.auto.tests.HomePageBeforeLoginTest@59fa1d9b]" name="tearDown" is-config="true" duration-ms="33083" started-at="2018-02-20T22:54:19Z" finished-at="2018-02-20T22:54:52Z">
          <reporter-output>
          </reporter-output>
        </test-method> <!-- tearDown -->
        <test-method status="PASS" signature="setUp()[pri:0, instance:com.qa.auto.tests.HomePageBeforeLoginTest@59fa1d9b]" name="setUp" is-config="true" duration-ms="61470" started-at="2018-02-20T22:54:52Z" finished-at="2018-02-20T22:55:54Z">
          <reporter-output>
          </reporter-output>
        </test-method> <!-- setUp -->
        <test-method status="PASS" signature="clickSignin()[pri:0, instance:com.qa.auto.tests.HomePageBeforeLoginTest@59fa1d9b]" name="clickSignin" duration-ms="7286" started-at="2018-02-20T22:55:54Z" finished-at="2018-02-20T22:56:01Z">
          <reporter-output>
          </reporter-output>
        </test-method> <!-- clickSignin -->
        <test-method status="PASS" signature="tearDown()[pri:0, instance:com.qa.auto.tests.HomePageBeforeLoginTest@59fa1d9b]" name="tearDown" is-config="true" duration-ms="61959" started-at="2018-02-20T22:56:01Z" finished-at="2018-02-20T22:57:03Z">
          <reporter-output>
          </reporter-output>
        </test-method> <!-- tearDown -->
      </class> <!-- com.qa.auto.tests.HomePageBeforeLoginTest -->
    </test> <!-- Default test -->
  </suite> <!-- Default suite -->
</testng-results>
